<?xml version="1.0" encoding="UTF-8"?>
<!-- Generated by org.testng.reporters.JUnitXMLReporter -->
<testsuite ignored="0" hostname="toshiba-PC" failures="0" tests="4" name="Test" time="366.567" errors="0" timestamp="03 Jan 2021 04:03:51 GMT">
  <testcase classname="com.qa.spicejet.test.TestPassengerDetails" name="passengerDetailsPageTitleTest" time="0.192"/>
  <testcase classname="com.qa.spicejet.test.TestPassengerDetails" name="contactDetailsTest" time="9.956"/>
  <testcase classname="com.qa.spicejet.test.TestPassengerDetails" name="testPassDetails" time="7.736"/>
  <testcase classname="com.qa.spicejet.test.TestPassengerDetails" name="contactDetailsRepeatTest" time="8.68"/>
</testsuite> <!-- Test -->
